  stdafx.cpp
  Server.cpp
c:\users\my laptop\onedrive\desktop\bk\network_programming\finalnewver2\server\server\define_variable.h(34): warning C4005: 'SOMETHING_WRONG_WHEN_BUYNOW': macro redefinition
  c:\users\my laptop\onedrive\desktop\bk\network_programming\finalnewver2\server\server\define_variable.h(33): note: see previous definition of 'SOMETHING_WRONG_WHEN_BUYNOW'
c:\users\my laptop\onedrive\desktop\bk\network_programming\finalnewver2\server\server\server.cpp(322): warning C4018: '<': signed/unsigned mismatch
c:\users\my laptop\onedrive\desktop\bk\network_programming\finalnewver2\server\server\server.cpp(342): warning C4018: '<': signed/unsigned mismatch
c:\users\my laptop\onedrive\desktop\bk\network_programming\finalnewver2\server\server\server.cpp(353): warning C4018: '<': signed/unsigned mismatch
c:\users\my laptop\onedrive\desktop\bk\network_programming\finalnewver2\server\server\server.cpp(398): warning C4018: '<': signed/unsigned mismatch
c:\users\my laptop\onedrive\desktop\bk\network_programming\finalnewver2\server\server\server.cpp(409): warning C4101: 'tmp': unreferenced local variable
c:\users\my laptop\onedrive\desktop\bk\network_programming\finalnewver2\server\server\server.cpp(435): warning C4101: 'tmp': unreferenced local variable
c:\users\my laptop\onedrive\desktop\bk\network_programming\finalnewver2\server\server\server.cpp(437): warning C4101: 'current_price': unreferenced local variable
c:\users\my laptop\onedrive\desktop\bk\network_programming\finalnewver2\server\server\server.cpp(457): warning C4018: '<': signed/unsigned mismatch
  handle_request_function.cpp
c:\users\my laptop\onedrive\desktop\bk\network_programming\finalnewver2\server\server\define_variable.h(34): warning C4005: 'SOMETHING_WRONG_WHEN_BUYNOW': macro redefinition
  c:\users\my laptop\onedrive\desktop\bk\network_programming\finalnewver2\server\server\define_variable.h(33): note: see previous definition of 'SOMETHING_WRONG_WHEN_BUYNOW'
c:\users\my laptop\onedrive\desktop\bk\network_programming\finalnewver2\server\server\handle_request_function.cpp(52): warning C4018: '<': signed/unsigned mismatch
c:\users\my laptop\onedrive\desktop\bk\network_programming\finalnewver2\server\server\handle_request_function.cpp(82): warning C4018: '<': signed/unsigned mismatch
c:\users\my laptop\onedrive\desktop\bk\network_programming\finalnewver2\server\server\handle_request_function.cpp(171): warning C4101: 'res': unreferenced local variable
c:\users\my laptop\onedrive\desktop\bk\network_programming\finalnewver2\server\server\handle_request_function.cpp(223): warning C4101: 'res': unreferenced local variable
c:\users\my laptop\onedrive\desktop\bk\network_programming\finalnewver2\server\server\handle_request_function.cpp(273): warning C4018: '<': signed/unsigned mismatch
c:\users\my laptop\onedrive\desktop\bk\network_programming\finalnewver2\server\server\handle_request_function.cpp(275): warning C4018: '<': signed/unsigned mismatch
c:\users\my laptop\onedrive\desktop\bk\network_programming\finalnewver2\server\server\handle_request_function.cpp(292): warning C4018: '<': signed/unsigned mismatch
  communication.cpp
c:\users\my laptop\onedrive\desktop\bk\network_programming\finalnewver2\server\server\communication.cpp(60): warning C4018: '<': signed/unsigned mismatch
c:\users\my laptop\onedrive\desktop\bk\network_programming\finalnewver2\server\server\communication.cpp(63): warning C4018: '<': signed/unsigned mismatch
  Generating Code...
LINK : fatal error LNK1104: cannot open file 'C:\Users\MY LAPTOP\OneDrive\Desktop\BK\Network_Programming\FinalNewVer2\Server\Debug\Server.exe'
