f:\20212\network programing\code\btl_ltm\btl-ltm-bid-system\server\server\debug\vc140.pdb
f:\20212\network programing\code\btl_ltm\btl-ltm-bid-system\server\server\debug\vc140.idb
c:\users\my laptop\onedrive\desktop\bk\network_programming\finalnewver2\server\server\debug\server.pch
c:\users\my laptop\onedrive\desktop\bk\network_programming\finalnewver2\server\server\debug\vc140.pdb
c:\users\my laptop\onedrive\desktop\bk\network_programming\finalnewver2\server\server\debug\vc140.idb
c:\users\my laptop\onedrive\desktop\bk\network_programming\finalnewver2\server\server\debug\stdafx.obj
c:\users\my laptop\onedrive\desktop\bk\network_programming\finalnewver2\server\server\debug\server.obj
c:\users\my laptop\onedrive\desktop\bk\network_programming\finalnewver2\server\server\debug\communication.obj
c:\users\my laptop\onedrive\desktop\bk\network_programming\finalnewver2\server\server\debug\handle_request_function.obj
f:\20212\network programing\code\btl_ltm\btl-ltm-bid-system\server\debug\server.ilk
f:\20212\network programing\code\btl_ltm\btl-ltm-bid-system\server\debug\server.exe
f:\20212\network programing\code\btl_ltm\btl-ltm-bid-system\server\debug\server.pdb
c:\users\my laptop\onedrive\desktop\bk\network_programming\finalnewver2\server\debug\server.pdb
c:\users\my laptop\onedrive\desktop\bk\network_programming\finalnewver2\server\debug\server.exe
c:\users\my laptop\onedrive\desktop\bk\network_programming\finalnewver2\server\server\debug\server.tlog\cl.command.1.tlog
c:\users\my laptop\onedrive\desktop\bk\network_programming\finalnewver2\server\server\debug\server.tlog\cl.read.1.tlog
c:\users\my laptop\onedrive\desktop\bk\network_programming\finalnewver2\server\server\debug\server.tlog\cl.write.1.tlog
c:\users\my laptop\onedrive\desktop\bk\network_programming\finalnewver2\server\server\debug\server.tlog\link.12068.read.1.tlog
c:\users\my laptop\onedrive\desktop\bk\network_programming\finalnewver2\server\server\debug\server.tlog\link.12068.write.1.tlog
c:\users\my laptop\onedrive\desktop\bk\network_programming\finalnewver2\server\server\debug\server.tlog\link.command.1.tlog
c:\users\my laptop\onedrive\desktop\bk\network_programming\finalnewver2\server\server\debug\server.tlog\link.read.1.tlog
c:\users\my laptop\onedrive\desktop\bk\network_programming\finalnewver2\server\server\debug\server.tlog\link.write.1.tlog
